08-Jan-2020 10:28:09.452 INFO [main] org.apache.catalina.startup.VersionLoggerListener.log Server version:        Apache Tomcat/8.5.34
08-Jan-2020 10:28:09.462 INFO [main] org.apache.catalina.startup.VersionLoggerListener.log Server built:          Sep 4 2018 22:28:22 UTC
08-Jan-2020 10:28:09.463 INFO [main] org.apache.catalina.startup.VersionLoggerListener.log Server number:         8.5.34.0
08-Jan-2020 10:28:09.463 INFO [main] org.apache.catalina.startup.VersionLoggerListener.log OS Name:               Windows 10
08-Jan-2020 10:28:09.463 INFO [main] org.apache.catalina.startup.VersionLoggerListener.log OS Version:            10.0
08-Jan-2020 10:28:09.463 INFO [main] org.apache.catalina.startup.VersionLoggerListener.log Architecture:          amd64
08-Jan-2020 10:28:09.463 INFO [main] org.apache.catalina.startup.VersionLoggerListener.log Java Home:             C:\Program Files\Java\jre1.8.0_231
08-Jan-2020 10:28:09.463 INFO [main] org.apache.catalina.startup.VersionLoggerListener.log JVM Version:           1.8.0_231-b11
08-Jan-2020 10:28:09.463 INFO [main] org.apache.catalina.startup.VersionLoggerListener.log JVM Vendor:            Oracle Corporation
08-Jan-2020 10:28:09.465 INFO [main] org.apache.catalina.startup.VersionLoggerListener.log CATALINA_BASE:         F:\WorkSpace_Eclipse\JAVA_WEB_ONLINE\JAVA_WEB_08_2019\workspace\estate-jdbc-04-2019\tomcat-new\apache-tomcat-8.5.34
08-Jan-2020 10:28:09.466 INFO [main] org.apache.catalina.startup.VersionLoggerListener.log CATALINA_HOME:         F:\WorkSpace_Eclipse\JAVA_WEB_ONLINE\JAVA_WEB_08_2019\workspace\estate-jdbc-04-2019\tomcat-new\apache-tomcat-8.5.34
08-Jan-2020 10:28:09.466 INFO [main] org.apache.catalina.startup.VersionLoggerListener.log Command line argument: -Djava.util.logging.config.file=F:\WorkSpace_Eclipse\JAVA_WEB_ONLINE\JAVA_WEB_08_2019\workspace\estate-jdbc-04-2019\tomcat-new\apache-tomcat-8.5.34\conf\logging.properties
08-Jan-2020 10:28:09.466 INFO [main] org.apache.catalina.startup.VersionLoggerListener.log Command line argument: -Djava.util.logging.manager=org.apache.juli.ClassLoaderLogManager
08-Jan-2020 10:28:09.466 INFO [main] org.apache.catalina.startup.VersionLoggerListener.log Command line argument: -Djdk.tls.ephemeralDHKeySize=2048
08-Jan-2020 10:28:09.466 INFO [main] org.apache.catalina.startup.VersionLoggerListener.log Command line argument: -Djava.protocol.handler.pkgs=org.apache.catalina.webresources
08-Jan-2020 10:28:09.466 INFO [main] org.apache.catalina.startup.VersionLoggerListener.log Command line argument: -Dignore.endorsed.dirs=
08-Jan-2020 10:28:09.467 INFO [main] org.apache.catalina.startup.VersionLoggerListener.log Command line argument: -Dcatalina.base=F:\WorkSpace_Eclipse\JAVA_WEB_ONLINE\JAVA_WEB_08_2019\workspace\estate-jdbc-04-2019\tomcat-new\apache-tomcat-8.5.34
08-Jan-2020 10:28:09.467 INFO [main] org.apache.catalina.startup.VersionLoggerListener.log Command line argument: -Dcatalina.home=F:\WorkSpace_Eclipse\JAVA_WEB_ONLINE\JAVA_WEB_08_2019\workspace\estate-jdbc-04-2019\tomcat-new\apache-tomcat-8.5.34
08-Jan-2020 10:28:09.468 INFO [main] org.apache.catalina.startup.VersionLoggerListener.log Command line argument: -Djava.io.tmpdir=F:\WorkSpace_Eclipse\JAVA_WEB_ONLINE\JAVA_WEB_08_2019\workspace\estate-jdbc-04-2019\tomcat-new\apache-tomcat-8.5.34\temp
08-Jan-2020 10:28:09.469 INFO [main] org.apache.catalina.core.AprLifecycleListener.lifecycleEvent Loaded APR based Apache Tomcat Native library [1.2.17] using APR version [1.6.3].
08-Jan-2020 10:28:09.469 INFO [main] org.apache.catalina.core.AprLifecycleListener.lifecycleEvent APR capabilities: IPv6 [true], sendfile [true], accept filters [false], random [true].
08-Jan-2020 10:28:09.470 INFO [main] org.apache.catalina.core.AprLifecycleListener.lifecycleEvent APR/OpenSSL configuration: useAprConnector [false], useOpenSSL [true]
08-Jan-2020 10:28:10.085 INFO [main] org.apache.catalina.core.AprLifecycleListener.initializeSSL OpenSSL successfully initialized [OpenSSL 1.0.2o  27 Mar 2018]
08-Jan-2020 10:28:10.399 INFO [main] org.apache.coyote.AbstractProtocol.init Initializing ProtocolHandler ["http-nio-8080"]
08-Jan-2020 10:28:10.815 INFO [main] org.apache.tomcat.util.net.NioSelectorPool.getSharedSelector Using a shared selector for servlet write/read
08-Jan-2020 10:28:10.829 INFO [main] org.apache.coyote.AbstractProtocol.init Initializing ProtocolHandler ["ajp-nio-8009"]
08-Jan-2020 10:28:10.832 INFO [main] org.apache.tomcat.util.net.NioSelectorPool.getSharedSelector Using a shared selector for servlet write/read
08-Jan-2020 10:28:10.832 INFO [main] org.apache.catalina.startup.Catalina.load Initialization processed in 2198 ms
08-Jan-2020 10:28:10.904 INFO [main] org.apache.catalina.core.StandardService.startInternal Starting service [Catalina]
08-Jan-2020 10:28:10.904 INFO [main] org.apache.catalina.core.StandardEngine.startInternal Starting Servlet Engine: Apache Tomcat/8.5.34
08-Jan-2020 10:28:10.942 INFO [localhost-startStop-1] org.apache.catalina.startup.HostConfig.deployDirectory Deploying web application directory [F:\WorkSpace_Eclipse\JAVA_WEB_ONLINE\JAVA_WEB_08_2019\workspace\estate-jdbc-04-2019\tomcat-new\apache-tomcat-8.5.34\webapps\docs]
08-Jan-2020 10:28:11.673 INFO [localhost-startStop-1] org.apache.catalina.startup.HostConfig.deployDirectory Deployment of web application directory [F:\WorkSpace_Eclipse\JAVA_WEB_ONLINE\JAVA_WEB_08_2019\workspace\estate-jdbc-04-2019\tomcat-new\apache-tomcat-8.5.34\webapps\docs] has finished in [729] ms
08-Jan-2020 10:28:11.673 INFO [localhost-startStop-1] org.apache.catalina.startup.HostConfig.deployDirectory Deploying web application directory [F:\WorkSpace_Eclipse\JAVA_WEB_ONLINE\JAVA_WEB_08_2019\workspace\estate-jdbc-04-2019\tomcat-new\apache-tomcat-8.5.34\webapps\estate-jdbc-04-2019-1.0]
08-Jan-2020 10:28:16.244 INFO [localhost-startStop-1] org.apache.jasper.servlet.TldScanner.scanJars At least one JAR was scanned for TLDs yet contained no TLDs. Enable debug logging for this logger for a complete list of JARs that were scanned but no TLDs were found in them. Skipping unneeded JARs during scanning can improve startup time and JSP compilation time.
08-Jan-2020 10:28:16.309 INFO [localhost-startStop-1] org.jboss.weld.environment.servlet.EnhancedListener.onStartup WELD-ENV-001008: Initialize Weld using ServletContainerInitializer
08-Jan-2020 10:28:16.367 INFO [localhost-startStop-1] org.jboss.weld.bootstrap.WeldStartup.<clinit> WELD-000900: 3.0.2 (Final)
08-Jan-2020 10:28:16.962 INFO [localhost-startStop-1] org.jboss.weld.bootstrap.WeldStartup.startContainer WELD-000101: Transactional services not available. Injection of @Inject UserTransaction not available. Transactional observers will be invoked synchronously.
08-Jan-2020 10:28:17.681 INFO [localhost-startStop-1] org.jboss.weld.environment.tomcat.TomcatContainer.initialize WELD-ENV-001100: Tomcat 7+ detected, CDI injection will be available in Servlets, Filters and Listeners.
08-Jan-2020 10:28:18.195 INFO [localhost-startStop-1] org.apache.catalina.startup.HostConfig.deployDirectory Deployment of web application directory [F:\WorkSpace_Eclipse\JAVA_WEB_ONLINE\JAVA_WEB_08_2019\workspace\estate-jdbc-04-2019\tomcat-new\apache-tomcat-8.5.34\webapps\estate-jdbc-04-2019-1.0] has finished in [6,522] ms
08-Jan-2020 10:28:18.196 INFO [localhost-startStop-1] org.apache.catalina.startup.HostConfig.deployDirectory Deploying web application directory [F:\WorkSpace_Eclipse\JAVA_WEB_ONLINE\JAVA_WEB_08_2019\workspace\estate-jdbc-04-2019\tomcat-new\apache-tomcat-8.5.34\webapps\examples]
08-Jan-2020 10:28:19.440 INFO [localhost-startStop-1] org.apache.catalina.startup.HostConfig.deployDirectory Deployment of web application directory [F:\WorkSpace_Eclipse\JAVA_WEB_ONLINE\JAVA_WEB_08_2019\workspace\estate-jdbc-04-2019\tomcat-new\apache-tomcat-8.5.34\webapps\examples] has finished in [1,244] ms
08-Jan-2020 10:28:19.441 INFO [localhost-startStop-1] org.apache.catalina.startup.HostConfig.deployDirectory Deploying web application directory [F:\WorkSpace_Eclipse\JAVA_WEB_ONLINE\JAVA_WEB_08_2019\workspace\estate-jdbc-04-2019\tomcat-new\apache-tomcat-8.5.34\webapps\host-manager]
08-Jan-2020 10:28:19.519 INFO [localhost-startStop-1] org.apache.catalina.startup.HostConfig.deployDirectory Deployment of web application directory [F:\WorkSpace_Eclipse\JAVA_WEB_ONLINE\JAVA_WEB_08_2019\workspace\estate-jdbc-04-2019\tomcat-new\apache-tomcat-8.5.34\webapps\host-manager] has finished in [78] ms
08-Jan-2020 10:28:19.520 INFO [localhost-startStop-1] org.apache.catalina.startup.HostConfig.deployDirectory Deploying web application directory [F:\WorkSpace_Eclipse\JAVA_WEB_ONLINE\JAVA_WEB_08_2019\workspace\estate-jdbc-04-2019\tomcat-new\apache-tomcat-8.5.34\webapps\manager]
08-Jan-2020 10:28:19.651 INFO [localhost-startStop-1] org.apache.catalina.startup.HostConfig.deployDirectory Deployment of web application directory [F:\WorkSpace_Eclipse\JAVA_WEB_ONLINE\JAVA_WEB_08_2019\workspace\estate-jdbc-04-2019\tomcat-new\apache-tomcat-8.5.34\webapps\manager] has finished in [131] ms
08-Jan-2020 10:28:19.651 INFO [localhost-startStop-1] org.apache.catalina.startup.HostConfig.deployDirectory Deploying web application directory [F:\WorkSpace_Eclipse\JAVA_WEB_ONLINE\JAVA_WEB_08_2019\workspace\estate-jdbc-04-2019\tomcat-new\apache-tomcat-8.5.34\webapps\ROOT]
08-Jan-2020 10:28:23.438 INFO [localhost-startStop-1] org.apache.jasper.servlet.TldScanner.scanJars At least one JAR was scanned for TLDs yet contained no TLDs. Enable debug logging for this logger for a complete list of JARs that were scanned but no TLDs were found in them. Skipping unneeded JARs during scanning can improve startup time and JSP compilation time.
08-Jan-2020 10:28:23.492 INFO [localhost-startStop-1] org.jboss.weld.environment.servlet.EnhancedListener.onStartup WELD-ENV-001008: Initialize Weld using ServletContainerInitializer
08-Jan-2020 10:28:23.545 INFO [localhost-startStop-1] org.jboss.weld.bootstrap.WeldStartup.<clinit> WELD-000900: 3.0.2 (Final)
08-Jan-2020 10:28:23.986 INFO [localhost-startStop-1] org.jboss.weld.bootstrap.WeldStartup.startContainer WELD-000101: Transactional services not available. Injection of @Inject UserTransaction not available. Transactional observers will be invoked synchronously.
08-Jan-2020 10:28:24.585 INFO [localhost-startStop-1] org.jboss.weld.environment.tomcat.TomcatContainer.initialize WELD-ENV-001100: Tomcat 7+ detected, CDI injection will be available in Servlets, Filters and Listeners.
08-Jan-2020 10:28:24.963 INFO [localhost-startStop-1] org.apache.catalina.startup.HostConfig.deployDirectory Deployment of web application directory [F:\WorkSpace_Eclipse\JAVA_WEB_ONLINE\JAVA_WEB_08_2019\workspace\estate-jdbc-04-2019\tomcat-new\apache-tomcat-8.5.34\webapps\ROOT] has finished in [5,312] ms
08-Jan-2020 10:28:24.968 INFO [main] org.apache.coyote.AbstractProtocol.start Starting ProtocolHandler ["http-nio-8080"]
08-Jan-2020 10:28:24.976 INFO [main] org.apache.coyote.AbstractProtocol.start Starting ProtocolHandler ["ajp-nio-8009"]
08-Jan-2020 10:28:24.979 INFO [main] org.apache.catalina.startup.Catalina.start Server startup in 14145 ms
08-Jan-2020 10:50:00.263 INFO [main] org.apache.catalina.core.StandardServer.await A valid shutdown command was received via the shutdown port. Stopping the Server instance.
